> Task :clearReports
> Task :clean
> Task :compileJava
> Task :processResources NO-SOURCE
> Task :classes
> Task :compileTestJava
> Task :processTestResources
> Task :testClasses
> Task :test

MedicalLoginRunner > Login de Administrador Médico.Login exitoso con diferentes credenciales FAILED
    java.lang.AssertionError at MatcherAssert.java:20

MedicalLoginRunner > Login de Administrador Médico.Toggle de visibilidad de contraseña FAILED
    io.cucumber.junit.UndefinedStepException

MedicalOfficeManagementRunner > Gestión de Consultorios Médicos.Visualizar consultorios con diferentes filtros #1 FAILED
    java.lang.AssertionError at MatcherAssert.java:20

MedicalOfficeManagementRunner > Gestión de Consultorios Médicos.Visualizar consultorios con diferentes filtros #2 FAILED
    java.lang.AssertionError at MatcherAssert.java:20

MedicalOfficeManagementRunner > Gestión de Consultorios Médicos.Visualizar consultorios con diferentes filtros #3 FAILED
    java.lang.AssertionError at MatcherAssert.java:20

MedicalOfficeManagementRunner > Gestión de Consultorios Médicos.Visualizar consultorios con diferentes filtros #4 FAILED
    java.lang.AssertionError at MatcherAssert.java:20

MedicalOfficeManagementRunner > Gestión de Consultorios Médicos.Visualizar consultorios con diferentes filtros #5 FAILED
    java.lang.AssertionError at MatcherAssert.java:20

MedicalOfficeManagementRunner > Gestión de Consultorios Médicos.Visualizar consultorios con diferentes filtros #6 FAILED
    java.lang.AssertionError at MatcherAssert.java:20

MedicalOfficeManagementRunner > Gestión de Consultorios Médicos.Visualizar consultorios con diferentes filtros #7 FAILED
    java.lang.AssertionError at MatcherAssert.java:20

MedicalOfficeManagementRunner > Gestión de Consultorios Médicos.Visualizar lista completa de consultorios médicos FAILED
    java.lang.AssertionError at MatcherAssert.java:20

MedicalOfficeManagementRunner > Gestión de Consultorios Médicos.Crear nuevo consultorio con diferentes datos #1 FAILED
    net.thucydides.core.webdriver.exceptions.ElementShouldBePresentException at WebElementFacadeImpl.java:1037
        Caused by: org.openqa.selenium.TimeoutException at FluentWait.java:265

MedicalOfficeManagementRunner > Gestión de Consultorios Médicos.Crear nuevo consultorio con diferentes datos #2 FAILED
    net.thucydides.core.webdriver.exceptions.ElementShouldBePresentException at WebElementFacadeImpl.java:1037
        Caused by: org.openqa.selenium.TimeoutException at FluentWait.java:265

MedicalOfficeManagementRunner > Gestión de Consultorios Médicos.Crear nuevo consultorio con diferentes datos #3 FAILED
    java.lang.AssertionError at MatcherAssert.java:20

MedicalOfficeManagementRunner > Gestión de Consultorios Médicos.Modificar datos de un consultorio existente #1 FAILED
    java.lang.AssertionError at MatcherAssert.java:20

MedicalOfficeManagementRunner > Gestión de Consultorios Médicos.Modificar datos de un consultorio existente #2 FAILED
    java.lang.AssertionError at MatcherAssert.java:20

MedicalOfficeManagementRunner > Gestión de Consultorios Médicos.Eliminar consultorio #1 FAILED
    java.lang.AssertionError at MatcherAssert.java:20

MedicalOfficeManagementRunner > Gestión de Consultorios Médicos.Eliminar consultorio #2 FAILED
    java.lang.AssertionError at MatcherAssert.java:20

MedicalOfficeManagementRunner > Gestión de Consultorios Médicos.Verificar información del usuario logueado FAILED
    java.lang.AssertionError at MatcherAssert.java:20

26 tests completed, 18 failed

> Task :test FAILED

> Task :aggregate
Generating Serenity Reports
  - Main report: file:///C:/Users/David%20Gomez/Desktop/proyectos/Calidad/AutomatizacionCalidadFE/target/site/serenity/index.html
      - Test Root: null
      - Requirements base directory: null

> Task :forceExtractSerenityResources
Extracting Serenity resources from C:\Users\David Gomez\.gradle\caches\modules-2\files-2.1\net.serenity-bdd\serenity-report-resources\3.9.8\2a989e84149ecc2526653724b116f5cf2640abb3\serenity-report-resources-3.9.8.jar

[Incubating] Problems report is available at: file:///C:/Users/David%20Gomez/Desktop/proyectos/Calidad/AutomatizacionCalidadFE/build/reports/problems/problems-report.html

FAILURE: Build failed with an exception.

* What went wrong:
Execution failed for task ':test'.
> There were failing tests. See the report at: file:///C:/Users/David%20Gomez/Desktop/proyectos/Calidad/AutomatizacionCalidadFE/build/reports/tests/test/index.html

* Try:
> Run with --scan to get full insights.

Deprecated Gradle features were used in this build, making it incompatible with Gradle 9.0.

You can use '--warning-mode all' to show the individual deprecation warnings and determine if they come from your own scripts or plugins.

For more on this, please refer to https://docs.gradle.org/8.14/userguide/command_line_interface.html#sec:command_line_warnings in the Gradle documentation.

BUILD FAILED in 13m 39s
8 actionable tasks: 8 executed
