<?xml version="1.0" encoding="UTF-8" standalone="no"?><testsuite errors="0" failures="1" name="Cerrar sesión" skipped="0" tests="1" time="15.21" timestamp="2025-11-16 09:31:47"><testcase name="Usuario autenticado cierra su sesión"><failure message="&#13;&#10;Expected: an element that is visible&#13;&#10;     but: no matching element found by [campo usuario located with: id: user-name]" type="java.lang.AssertionError">&#13;
Expected: an element that is visible&#13;
     but: no matching element found by [campo usuario located with: id: user-name]</failure><system-err>&#13;
Expected: an element that is visible&#13;
     but: no matching element found by [campo usuario located with: id: user-name]&#13;
org.calidadsoftware.tasks.Logout.performAs(Logout.java:21)&#13;
org.calidadsoftware.stepdefinitions.LogoutStepDefinitions.cierra_sesion(LogoutStepDefinitions.java:25)&#13;
worker.org.gradle.process.internal.worker.GradleWorkerMain.run(GradleWorkerMain.java:69)&#13;
worker.org.gradle.process.internal.worker.GradleWorkerMain.main(GradleWorkerMain.java:74)&#13;
</system-err></testcase></testsuite>